<?xml version="1.0" encoding="UTF-8"?>
<!-- Generated by org.testng.reporters.JUnitXMLReporter -->
<testsuite ignored="0" hostname="DESKTOP-BGGIK4K" failures="1" tests="12" name="AmazonWebsite Test Cases" time="270.692" errors="0" timestamp="2023-06-16T17:03:53 EDT">
  <testcase classname="com.amazon.qa.testcases.HomePageTest" name="logoTest" time="3.369"/>
  <testcase classname="com.amazon.qa.testcases.HomePageTest" name="verfiyTitleTest" time="0.024"/>
  <testcase classname="com.amazon.qa.testcases.HomePageTest" name="allDepartmentTest" time="6.518"/>
  <testcase classname="com.amazon.qa.testcases.HomePageTest" name="signInButtonTest" time="4.011"/>
  <testcase classname="com.amazon.qa.testcases.EmailPageTest" name="verifyEmailTitleTest" time="0.013"/>
  <testcase classname="com.amazon.qa.testcases.EmailPageTest" name="clickContinueTest" time="3.976"/>
  <testcase classname="com.amazon.qa.testcases.PasswordPageTest" name="enterPasswordTest" time="5.759"/>
  <testcase classname="com.amazon.qa.testcases.MainUserPageTest" name="searchIteamTest" time="4.916"/>
  <testcase classname="com.amazon.qa.testcases.MainUserPageTest" name="scrollUpDownTest" time="14.926"/>
  <testcase classname="com.amazon.qa.testcases.MainUserPageTest" name="addingPostalCode" time="11.608"/>
  <testcase classname="com.amazon.qa.testcases.MainUserPageTest" name="addingPostalCode" time="11.309"/>
  <testcase classname="com.amazon.qa.testcases.MainUserPageTest" name="signOutTest" time="4.585">
    <failure type="java.lang.AssertionError" message="SignOut button is not displyed. expected [true] but found [false]">
      <![CDATA[java.lang.AssertionError: SignOut button is not displyed. expected [true] but found [false]
at com.amazon.qa.testcases.MainUserPageTest.signOutTest(MainUserPageTest.java:73)
at java.base/java.util.ArrayList.forEach(ArrayList.java:1511)
... Removed 30 stack frames]]>
    </failure>
  </testcase> <!-- signOutTest -->
</testsuite> <!-- AmazonWebsite Test Cases -->
